August 29th 2020, 3:42:46 pm AL DOC - BIBB COUNTY CORRECTIONAL FACILITY Error: socket hang up
August 29th 2020, 3:55:31 pm AR DOC - RANDALL L WILLIAMS FACILITY Error: socket hang up
August 29th 2020, 4:23:03 pm AK DOC - ANCHORAGE CORRECTIONAL COMPLEX/EAST (ANCHORAGE JAIL) Error: socket hang up
August 29th 2020, 6:03:06 pm DC DOC - CORRECTIONAL TREATMENT FACILITY TypeError: Cannot read property 'replace' of undefined
August 29th 2020, 7:06:21 pm SLIDELL POLICE DEPT Error: socket hang up
August 29th 2020, 7:13:04 pm DORCHESTER COUNTY DETENTION CENTER Error: read ECONNRESET
August 29th 2020, 7:17:17 pm HANCOCK COUNTY JAIL Error: connect ETIMEDOUT 204.86.135.134:443
August 29th 2020, 7:17:38 pm HANCOCK COUNTY JAIL Error: getaddrinfo ENOTFOUND securustech.online securustech.online:443
August 29th 2020, 7:17:38 pm HANCOCK COUNTY JAIL Error: getaddrinfo ENOTFOUND securustech.online securustech.online:443
August 29th 2020, 7:17:38 pm HANCOCK COUNTY JAIL Error: getaddrinfo ENOTFOUND securustech.online securustech.online:443
August 29th 2020, 7:17:39 pm KENNEBEC COUNTY JAIL Error: getaddrinfo ENOTFOUND securustech.online securustech.online:443
August 29th 2020, 7:17:39 pm KENNEBEC COUNTY JAIL Error: getaddrinfo ENOTFOUND securustech.online securustech.online:443
August 29th 2020, 7:17:39 pm KENNEBEC COUNTY JAIL Error: getaddrinfo ENOTFOUND securustech.online securustech.online:443
August 29th 2020, 7:17:40 pm KENNEBEC COUNTY JAIL Error: getaddrinfo ENOTFOUND securustech.online securustech.online:443
August 29th 2020, 7:17:40 pm KENNEBEC COUNTY JAIL Error: getaddrinfo ENOTFOUND securustech.online securustech.online:443
August 29th 2020, 7:17:40 pm KNOX COUNTY JAIL Error: getaddrinfo ENOTFOUND securustech.online securustech.online:443
August 29th 2020, 7:17:40 pm KNOX COUNTY JAIL Error: getaddrinfo ENOTFOUND securustech.online securustech.online:443
August 29th 2020, 7:17:41 pm KNOX COUNTY JAIL Error: getaddrinfo ENOTFOUND securustech.online securustech.online:443
August 29th 2020, 7:17:41 pm KNOX COUNTY JAIL Error: getaddrinfo ENOTFOUND securustech.online securustech.online:443
August 29th 2020, 7:17:41 pm KNOX COUNTY JAIL Error: getaddrinfo ENOTFOUND securustech.online securustech.online:443
August 29th 2020, 7:17:41 pm OXFORD COUNTY JAIL Error: getaddrinfo ENOTFOUND securustech.online securustech.online:443
August 29th 2020, 7:17:42 pm OXFORD COUNTY JAIL Error: getaddrinfo ENOTFOUND securustech.online securustech.online:443
August 29th 2020, 7:17:42 pm OXFORD COUNTY JAIL Error: getaddrinfo ENOTFOUND securustech.online securustech.online:443
August 29th 2020, 7:17:42 pm OXFORD COUNTY JAIL Error: getaddrinfo ENOTFOUND securustech.online securustech.online:443
August 29th 2020, 7:17:42 pm OXFORD COUNTY JAIL Error: getaddrinfo ENOTFOUND securustech.online securustech.online:443
August 29th 2020, 7:17:43 pm PENOBSCOT COUNTY JAIL Error: getaddrinfo ENOTFOUND securustech.online securustech.online:443
August 29th 2020, 7:17:43 pm PENOBSCOT COUNTY JAIL Error: getaddrinfo ENOTFOUND securustech.online securustech.online:443
August 29th 2020, 7:17:43 pm PENOBSCOT COUNTY JAIL Error: getaddrinfo ENOTFOUND securustech.online securustech.online:443
August 29th 2020, 7:17:43 pm PENOBSCOT COUNTY JAIL Error: getaddrinfo ENOTFOUND securustech.online securustech.online:443
August 29th 2020, 7:17:44 pm PENOBSCOT COUNTY JAIL Error: getaddrinfo ENOTFOUND securustech.online securustech.online:443
August 29th 2020, 7:17:44 pm PISCATAQUIS COUNTY JAIL Error: getaddrinfo ENOTFOUND securustech.online securustech.online:443
September 5th 2020, 2:25:47 pm DC DOC - CORRECTIONAL TREATMENT FACILITY TypeError: Cannot read property 'replace' of undefined
